Using pre-set license
Built from '2022.2/china_unity/release' branch; Version is '2022.2.14f1c1 (30c341677286) revision 3195713'; Using compiler version '192829333'; Build Type 'Release'
OS: 'Windows 11  (10.0.22621) 64bit Core' Language: 'zh' Physical Memory: 32580 MB
BatchMode: 1, IsHumanControllingUs: 0, StartBugReporterOnCrash: 0, Is64bit: 1, IsPro: 1

COMMAND LINE ARGUMENTS:
C:\Program Files\Unity\Hub\Editor\2022.2.14f1c1\Editor\Unity.exe
-adb2
-batchMode
-noUpm
-name
AssetImportWorker0
-projectPath
D:/UnityProject/TicTacToe_git
-logFile
Logs/AssetImportWorker0.log
-srvPort
54914
Successfully changed project path to: D:/UnityProject/TicTacToe_git
D:/UnityProject/TicTacToe_git
[UnityMemory] Configuration Parameters - Can be set up in boot.config
    "memorysetup-bucket-allocator-granularity=16"
    "memorysetup-bucket-allocator-bucket-count=8"
    "memorysetup-bucket-allocator-block-size=33554432"
    "memorysetup-bucket-allocator-block-count=8"
    "memorysetup-main-allocator-block-size=16777216"
    "memorysetup-thread-allocator-block-size=16777216"
    "memorysetup-gfx-main-allocator-block-size=16777216"
    "memorysetup-gfx-thread-allocator-block-size=16777216"
    "memorysetup-cache-allocator-block-size=4194304"
    "memorysetup-typetree-allocator-block-size=2097152"
    "memorysetup-profiler-bucket-allocator-granularity=16"
    "memorysetup-profiler-bucket-allocator-bucket-count=8"
    "memorysetup-profiler-bucket-allocator-block-size=33554432"
    "memorysetup-profiler-bucket-allocator-block-count=8"
    "memorysetup-profiler-allocator-block-size=16777216"
    "memorysetup-profiler-editor-allocator-block-size=1048576"
    "memorysetup-temp-allocator-size-main=16777216"
    "memorysetup-job-temp-allocator-block-size=2097152"
    "memorysetup-job-temp-allocator-block-size-background=1048576"
    "memorysetup-job-temp-allocator-reduction-small-platforms=262144"
    "memorysetup-temp-allocator-size-background-worker=32768"
    "memorysetup-temp-allocator-size-job-worker=262144"
    "memorysetup-temp-allocator-size-preload-manager=33554432"
    "memorysetup-temp-allocator-size-nav-mesh-worker=65536"
    "memorysetup-temp-allocator-size-audio-worker=65536"
    "memorysetup-temp-allocator-size-cloud-worker=32768"
    "memorysetup-temp-allocator-size-gi-baking-worker=262144"
    "memorysetup-temp-allocator-size-gfx=262144"
Player connection [20628] Host "[IP] 192.168.31.226 [Port] 0 [Flags] 2 [Guid] 2239761867 [EditorId] 2239761867 [Version] 1048832 [Id] WindowsEditor(7,ZSJ) [Debug] 1 [PackageName] WindowsEditor [ProjectName] Editor" joined multi-casting on [225.0.0.222:54997]...

Player connection [20628] Host "[IP] 192.168.31.226 [Port] 0 [Flags] 2 [Guid] 2239761867 [EditorId] 2239761867 [Version] 1048832 [Id] WindowsEditor(7,ZSJ) [Debug] 1 [PackageName] WindowsEditor [ProjectName] Editor" joined alternative multi-casting on [225.0.0.222:34997]...

Refreshing native plugins compatible for Editor in 5.23 ms, found 3 plugins.
Preloading 0 native plugins for Editor in 0.00 ms.
Initialize engine version: 2022.2.14f1c1 (30c341677286)
[Subsystems] Discovering subsystems at path C:/Program Files/Unity/Hub/Editor/2022.2.14f1c1/Editor/Data/Resources/UnitySubsystems
[Subsystems] Discovering subsystems at path D:/UnityProject/TicTacToe_git/Assets
GfxDevice: creating device client; threaded=0; jobified=0
Direct3D:
    Version:  Direct3D 11.0 [level 11.1]
    Renderer: NVIDIA GeForce RTX 4090 (ID=0x2684)
    Vendor:   NVIDIA
    VRAM:     24156 MB
    Driver:   31.0.15.3129
Initialize mono
Mono path[0] = 'C:/Program Files/Unity/Hub/Editor/2022.2.14f1c1/Editor/Data/Managed'
Mono path[1] = 'C:/Program Files/Unity/Hub/Editor/2022.2.14f1c1/Editor/Data/MonoBleedingEdge/lib/mono/unityjit-win32'
Mono config path = 'C:/Program Files/Unity/Hub/Editor/2022.2.14f1c1/Editor/Data/MonoBleedingEdge/etc'
Using monoOptions --debugger-agent=transport=dt_socket,embedding=1,server=y,suspend=n,address=127.0.0.1:56364
Begin MonoManager ReloadAssembly
Registering precompiled unity dll's ...
Register platform support module: C:/Program Files/Unity/Hub/Editor/2022.2.14f1c1/Editor/Data/PlaybackEngines/WindowsStandaloneSupport/UnityEditor.WindowsStandalone.Extensions.dll
Registered in 0.003988 seconds.
- Loaded All Assemblies, in  0.181 seconds
Native extension for WindowsStandalone target not found
Mono: successfully reloaded assembly
- Finished resetting the current domain, in  0.148 seconds
Domain Reload Profiling:
	ReloadAssembly (108ms)
		BeginReloadAssembly (50ms)
			ExecutionOrderSort (0ms)
			DisableScriptedObjects (0ms)
			BackupInstance (0ms)
			ReleaseScriptingObjects (0ms)
			CreateAndSetChildDomain (0ms)
		LoadAllAssembliesAndSetupDomain (0ms)
			LoadAssemblies (48ms)
			RebuildTransferFunctionScriptingTraits (0ms)
			SetupTypeCache (67ms)
				TypeCache.Initialize (66ms)
					TypeCache.ScanAssembly (66ms)
				ResolveRequiredComponents (0ms)
		FinalizeReload (0ms)
			ReleaseScriptCaches (0ms)
			RebuildScriptCaches (0ms)
			SetupLoadedEditorAssemblies (116ms)
				LogAssemblyErrors (0ms)
				InitializePlatformSupportModulesInManaged (5ms)
				SetLoadedEditorAssemblies (5ms)
				RefreshPlugins (0ms)
				BeforeProcessingInitializeOnLoad (1ms)
				ProcessInitializeOnLoadAttributes (79ms)
				ProcessInitializeOnLoadMethodAttributes (26ms)
				AfterProcessingInitializeOnLoad (0ms)
				EditorAssembliesLoaded (0ms)
			ExecutionOrderSort2 (0ms)
			AwakeInstancesAfterBackupRestoration (0ms)
========================================================================
Worker process is ready to serve import requests
Begin MonoManager ReloadAssembly
Symbol file LoadedFromMemory doesn't match image D:\UnityProject\TicTacToe_git\Library\PackageCache\com.unity.visualscripting@1.8.0\Editor\VisualScripting.Core\Dependencies\YamlDotNet\Unity.VisualScripting.YamlDotNet.dll
Symbol file LoadedFromMemory doesn't match image D:\UnityProject\TicTacToe_git\Library\PackageCache\com.unity.visualscripting@1.8.0\Editor\VisualScripting.Core\Dependencies\DotNetZip\Unity.VisualScripting.IonicZip.dll
- Loaded All Assemblies, in  0.402 seconds
Refreshing native plugins compatible for Editor in 1.46 ms, found 3 plugins.
Native extension for WindowsStandalone target not found
Mono: successfully reloaded assembly
- Finished resetting the current domain, in  0.297 seconds
Domain Reload Profiling:
	ReloadAssembly (120ms)
		BeginReloadAssembly (70ms)
			ExecutionOrderSort (0ms)
			DisableScriptedObjects (3ms)
			BackupInstance (0ms)
			ReleaseScriptingObjects (0ms)
			CreateAndSetChildDomain (12ms)
		LoadAllAssembliesAndSetupDomain (281ms)
			LoadAssemblies (156ms)
			RebuildTransferFunctionScriptingTraits (0ms)
			SetupTypeCache (157ms)
				TypeCache.Initialize (147ms)
					TypeCache.ScanAssembly (145ms)
				ResolveRequiredComponents (2ms)
		FinalizeReload (0ms)
			ReleaseScriptCaches (0ms)
			RebuildScriptCaches (0ms)
			SetupLoadedEditorAssemblies (215ms)
				LogAssemblyErrors (0ms)
				InitializePlatformSupportModulesInManaged (4ms)
				SetLoadedEditorAssemblies (3ms)
				RefreshPlugins (0ms)
				BeforeProcessingInitializeOnLoad (50ms)
				ProcessInitializeOnLoadAttributes (144ms)
				ProcessInitializeOnLoadMethodAttributes (10ms)
				AfterProcessingInitializeOnLoad (4ms)
				EditorAssembliesLoaded (0ms)
			ExecutionOrderSort2 (0ms)
			AwakeInstancesAfterBackupRestoration (4ms)
Launched and connected shader compiler UnityShaderCompiler.exe after 0.02 seconds
Refreshing native plugins compatible for Editor in 1.44 ms, found 3 plugins.
Preloading 0 native plugins for Editor in 0.00 ms.
Unloading 3087 Unused Serialized files (Serialized files now loaded: 0)
Unloading 31 unused Assets / (66.5 KB). Loaded Objects now: 3552.
Memory consumption went from 113.1 MB to 113.0 MB.
Total: 1.866300 ms (FindLiveObjects: 0.134800 ms CreateObjectMapping: 0.041200 ms MarkObjects: 1.576800 ms  DeleteObjects: 0.112900 ms)

AssetImportParameters requested are different than current active one (requested -> active):
  custom:container-demuxer-ogg: 62fdf1f143b41e24485cea50d1cbac27 -> 
  custom:video-codec-MediaFoundation-h265: e54d7ab0439102e2317fc1e4b246158d -> 
  custom:video-decoder-ogg-theora: a1e56fd34408186e4bbccfd4996cb3dc -> 
  custom:framework-win-MediaFoundation: 216162199b28c13a410421893ffa2e32 -> 
  custom:container-demuxer-webm: 4f35f7cbe854078d1ac9338744f61a02 -> 
  custom:container-muxer-webm: aa71ff27fc2769a1b78a27578f13a17b -> 
  custom:video-decoder-webm-vp8: 9c59270c3fd7afecdb556c50c9e8de78 -> 
  custom:AudioImporter_EditorPlatform: d09bf68614088b80899f8185d706f6e7 -> 
  custom:video-encoder-webm-vp8: eb34c28f22e8b96e1ab97ce403110664 -> 
  custom:audio-decoder-ogg-vorbis: bf7c407c2cedff20999df2af8eb42d56 -> 
  custom:audio-encoder-webm-vorbis: bf7c407c2cedff20999df2af8eb42d56 -> 
========================================================================
Received Import Request.
  Time since last request: 11052.791172 seconds.
  path: Assets/Resources/UI/ChessBoardPanel/ChessBoard.prefab
  artifactKey: Guid(654596daa9f4e0f4a9e891b3c6bb0f86) Importer(815301076,1909f56bfc062723c751e8b465ee728b)
Start importing Assets/Resources/UI/ChessBoardPanel/ChessBoard.prefab using Guid(654596daa9f4e0f4a9e891b3c6bb0f86) Importer(815301076,1909f56bfc062723c751e8b465ee728b)  -> (artifact id: 'e07188b03cb2d49d94c4681b312362de') in 0.147940 seconds
Number of updated asset objects reloaded before import = 0
Number of asset objects unloaded after import = 319
========================================================================
Received Import Request.
  Time since last request: 1.950550 seconds.
  path: Assets/Resources/UI/ChessBoardPanel/ChessBoard.prefab
  artifactKey: Guid(654596daa9f4e0f4a9e891b3c6bb0f86) Importer(815301076,1909f56bfc062723c751e8b465ee728b)
Start importing Assets/Resources/UI/ChessBoardPanel/ChessBoard.prefab using Guid(654596daa9f4e0f4a9e891b3c6bb0f86) Importer(815301076,1909f56bfc062723c751e8b465ee728b)  -> (artifact id: '95e4dd0a294828418328dc9d5d930ed8') in 0.119181 seconds
Number of updated asset objects reloaded before import = 0
Number of asset objects unloaded after import = 319
========================================================================
Received Import Request.
  Time since last request: 13.578647 seconds.
  path: Assets/Resources/UI/ChessBoardPanel/ChessBoard.prefab
  artifactKey: Guid(654596daa9f4e0f4a9e891b3c6bb0f86) Importer(815301076,1909f56bfc062723c751e8b465ee728b)
Start importing Assets/Resources/UI/ChessBoardPanel/ChessBoard.prefab using Guid(654596daa9f4e0f4a9e891b3c6bb0f86) Importer(815301076,1909f56bfc062723c751e8b465ee728b)  -> (artifact id: '17dd1c33be1e8564b4659928c1c120e8') in 0.119027 seconds
Number of updated asset objects reloaded before import = 0
Number of asset objects unloaded after import = 319
========================================================================
Received Import Request.
  Time since last request: 1.294517 seconds.
  path: Assets/Resources/UI/ChessBoardPanel/ChessBoard.prefab
  artifactKey: Guid(654596daa9f4e0f4a9e891b3c6bb0f86) Importer(815301076,1909f56bfc062723c751e8b465ee728b)
Start importing Assets/Resources/UI/ChessBoardPanel/ChessBoard.prefab using Guid(654596daa9f4e0f4a9e891b3c6bb0f86) Importer(815301076,1909f56bfc062723c751e8b465ee728b)  -> (artifact id: '3d4baf7eea63a20313549dd746eab166') in 0.117500 seconds
Number of updated asset objects reloaded before import = 0
Number of asset objects unloaded after import = 319
========================================================================
Received Import Request.
  Time since last request: 4.111266 seconds.
  path: Assets/Resources/UI/ChessBoardPanel/ChessBoard.prefab
  artifactKey: Guid(654596daa9f4e0f4a9e891b3c6bb0f86) Importer(815301076,1909f56bfc062723c751e8b465ee728b)
Start importing Assets/Resources/UI/ChessBoardPanel/ChessBoard.prefab using Guid(654596daa9f4e0f4a9e891b3c6bb0f86) Importer(815301076,1909f56bfc062723c751e8b465ee728b)  -> (artifact id: '1c3fdc5d38ce12c7a289775caf365a6d') in 0.113108 seconds
Number of updated asset objects reloaded before import = 0
Number of asset objects unloaded after import = 319
========================================================================
Received Import Request.
  Time since last request: 2.825830 seconds.
  path: Assets/Resources/UI/ChessBoardPanel/ChessBoard.prefab
  artifactKey: Guid(654596daa9f4e0f4a9e891b3c6bb0f86) Importer(815301076,1909f56bfc062723c751e8b465ee728b)
Start importing Assets/Resources/UI/ChessBoardPanel/ChessBoard.prefab using Guid(654596daa9f4e0f4a9e891b3c6bb0f86) Importer(815301076,1909f56bfc062723c751e8b465ee728b)  -> (artifact id: 'f422cd64cff2489f7b0de0aa558e0d8b') in 0.111586 seconds
Number of updated asset objects reloaded before import = 0
Number of asset objects unloaded after import = 319
========================================================================
Received Import Request.
  Time since last request: 0.499479 seconds.
  path: Assets/Resources/UI/ChessBoardPanel/ChessBoard.prefab
  artifactKey: Guid(654596daa9f4e0f4a9e891b3c6bb0f86) Importer(815301076,1909f56bfc062723c751e8b465ee728b)
Start importing Assets/Resources/UI/ChessBoardPanel/ChessBoard.prefab using Guid(654596daa9f4e0f4a9e891b3c6bb0f86) Importer(815301076,1909f56bfc062723c751e8b465ee728b)  -> (artifact id: '3ed9f21b2e50a93aaa4de24478018950') in 0.113040 seconds
Number of updated asset objects reloaded before import = 0
Number of asset objects unloaded after import = 319
========================================================================
Received Import Request.
  Time since last request: 6.141620 seconds.
  path: Assets/Resources/UI/ChessBoardPanel/ChessBoard.prefab
  artifactKey: Guid(654596daa9f4e0f4a9e891b3c6bb0f86) Importer(815301076,1909f56bfc062723c751e8b465ee728b)
Start importing Assets/Resources/UI/ChessBoardPanel/ChessBoard.prefab using Guid(654596daa9f4e0f4a9e891b3c6bb0f86) Importer(815301076,1909f56bfc062723c751e8b465ee728b)  -> (artifact id: 'e0afced1b2376762def9441fc46af2b5') in 0.113102 seconds
Number of updated asset objects reloaded before import = 0
Number of asset objects unloaded after import = 319
========================================================================
Received Import Request.
  Time since last request: 10.165968 seconds.
  path: Assets/Resources/UI/ChessBoardPanel/ChessBoard.prefab
  artifactKey: Guid(654596daa9f4e0f4a9e891b3c6bb0f86) Importer(815301076,1909f56bfc062723c751e8b465ee728b)
Start importing Assets/Resources/UI/ChessBoardPanel/ChessBoard.prefab using Guid(654596daa9f4e0f4a9e891b3c6bb0f86) Importer(815301076,1909f56bfc062723c751e8b465ee728b)  -> (artifact id: '0ee32fe1fde6e0109c2f22e10535c994') in 0.116502 seconds
Number of updated asset objects reloaded before import = 0
Number of asset objects unloaded after import = 319
========================================================================
Received Import Request.
  Time since last request: 5.128776 seconds.
  path: Assets/Resources/UI/ChessBoardPanel/ChessBoard.prefab
  artifactKey: Guid(654596daa9f4e0f4a9e891b3c6bb0f86) Importer(815301076,1909f56bfc062723c751e8b465ee728b)
Start importing Assets/Resources/UI/ChessBoardPanel/ChessBoard.prefab using Guid(654596daa9f4e0f4a9e891b3c6bb0f86) Importer(815301076,1909f56bfc062723c751e8b465ee728b)  -> (artifact id: '9233d9d2cadd51e5367fe7bafeb2aaa0') in 0.114761 seconds
Number of updated asset objects reloaded before import = 0
Number of asset objects unloaded after import = 319
========================================================================
Received Import Request.
  Time since last request: 2.206143 seconds.
  path: Assets/Resources/UI/ChessBoardPanel/ChessBoard.prefab
  artifactKey: Guid(654596daa9f4e0f4a9e891b3c6bb0f86) Importer(815301076,1909f56bfc062723c751e8b465ee728b)
Start importing Assets/Resources/UI/ChessBoardPanel/ChessBoard.prefab using Guid(654596daa9f4e0f4a9e891b3c6bb0f86) Importer(815301076,1909f56bfc062723c751e8b465ee728b)  -> (artifact id: 'e9b7326530312cb3cb21f0a939d41757') in 0.114142 seconds
Number of updated asset objects reloaded before import = 0
Number of asset objects unloaded after import = 319
========================================================================
Received Import Request.
  Time since last request: 0.897729 seconds.
  path: Assets/Resources/UI/ChessBoardPanel/ChessBoard.prefab
  artifactKey: Guid(654596daa9f4e0f4a9e891b3c6bb0f86) Importer(815301076,1909f56bfc062723c751e8b465ee728b)
Start importing Assets/Resources/UI/ChessBoardPanel/ChessBoard.prefab using Guid(654596daa9f4e0f4a9e891b3c6bb0f86) Importer(815301076,1909f56bfc062723c751e8b465ee728b)  -> (artifact id: 'c9b27f483e8104843eedcd7454e07791') in 0.113435 seconds
Number of updated asset objects reloaded before import = 0
Number of asset objects unloaded after import = 319
========================================================================
Received Import Request.
  Time since last request: 4.150723 seconds.
  path: Assets/Resources/UI/ChessBoardPanel/ChessBoard.prefab
  artifactKey: Guid(654596daa9f4e0f4a9e891b3c6bb0f86) Importer(815301076,1909f56bfc062723c751e8b465ee728b)
Start importing Assets/Resources/UI/ChessBoardPanel/ChessBoard.prefab using Guid(654596daa9f4e0f4a9e891b3c6bb0f86) Importer(815301076,1909f56bfc062723c751e8b465ee728b)  -> (artifact id: '8b889336a1589727b6a10db0ec624f19') in 0.113979 seconds
Number of updated asset objects reloaded before import = 0
Number of asset objects unloaded after import = 319
========================================================================
Received Import Request.
  Time since last request: 3.725372 seconds.
  path: Assets/Resources/UI/ChessBoardPanel/ChessBoard.prefab
  artifactKey: Guid(654596daa9f4e0f4a9e891b3c6bb0f86) Importer(815301076,1909f56bfc062723c751e8b465ee728b)
Start importing Assets/Resources/UI/ChessBoardPanel/ChessBoard.prefab using Guid(654596daa9f4e0f4a9e891b3c6bb0f86) Importer(815301076,1909f56bfc062723c751e8b465ee728b)  -> (artifact id: 'd8edb4a01052b97c7e96ebaf4cf7f316') in 0.116500 seconds
Number of updated asset objects reloaded before import = 0
Number of asset objects unloaded after import = 319
========================================================================
Received Import Request.
  Time since last request: 1.082076 seconds.
  path: Assets/Resources/UI/ChessBoardPanel/ChessBoard.prefab
  artifactKey: Guid(654596daa9f4e0f4a9e891b3c6bb0f86) Importer(815301076,1909f56bfc062723c751e8b465ee728b)
Start importing Assets/Resources/UI/ChessBoardPanel/ChessBoard.prefab using Guid(654596daa9f4e0f4a9e891b3c6bb0f86) Importer(815301076,1909f56bfc062723c751e8b465ee728b)  -> (artifact id: 'f17103cec0aafe5b193c555178eff079') in 0.113573 seconds
Number of updated asset objects reloaded before import = 0
Number of asset objects unloaded after import = 319
========================================================================
Received Import Request.
  Time since last request: 2.901911 seconds.
  path: Assets/Resources/UI/ChessBoardPanel/ChessBoard.prefab
  artifactKey: Guid(654596daa9f4e0f4a9e891b3c6bb0f86) Importer(815301076,1909f56bfc062723c751e8b465ee728b)
Start importing Assets/Resources/UI/ChessBoardPanel/ChessBoard.prefab using Guid(654596daa9f4e0f4a9e891b3c6bb0f86) Importer(815301076,1909f56bfc062723c751e8b465ee728b)  -> (artifact id: '0360a3c192097908a0709703b7b6dbf2') in 0.115379 seconds
Number of updated asset objects reloaded before import = 0
Number of asset objects unloaded after import = 319
========================================================================
Received Import Request.
  Time since last request: 2.915478 seconds.
  path: Assets/Resources/UI/ChessBoardPanel/ChessBoard.prefab
  artifactKey: Guid(654596daa9f4e0f4a9e891b3c6bb0f86) Importer(815301076,1909f56bfc062723c751e8b465ee728b)
Start importing Assets/Resources/UI/ChessBoardPanel/ChessBoard.prefab using Guid(654596daa9f4e0f4a9e891b3c6bb0f86) Importer(815301076,1909f56bfc062723c751e8b465ee728b)  -> (artifact id: '97790d7d8a28ec6ca4dc386f597009fd') in 0.116703 seconds
Number of updated asset objects reloaded before import = 0
Number of asset objects unloaded after import = 319
========================================================================
Received Import Request.
  Time since last request: 4.098541 seconds.
  path: Assets/Resources/UI/ChessBoardPanel/ChessBoard.prefab
  artifactKey: Guid(654596daa9f4e0f4a9e891b3c6bb0f86) Importer(815301076,1909f56bfc062723c751e8b465ee728b)
Start importing Assets/Resources/UI/ChessBoardPanel/ChessBoard.prefab using Guid(654596daa9f4e0f4a9e891b3c6bb0f86) Importer(815301076,1909f56bfc062723c751e8b465ee728b)  -> (artifact id: '5e782803ce6c3109eb1e0b5dcba5abdd') in 0.114198 seconds
Number of updated asset objects reloaded before import = 0
Number of asset objects unloaded after import = 319
